--------------------------------------------------------------------------------
ModelTest-NG v0.1.7

Input data:
  MSA:        aligned-dna-sequences_withTaxonomy.fasta
  Tree:       Maximum parsimony
    file:           -
  #taxa:            2496
  #sites:           1842
  #patterns:        1603
  Max. thread mem:  1983 MB

Output:
  Log:           aligned-dna-sequences_withTaxonomy.fasta.log
  Starting tree: aligned-dna-sequences_withTaxonomy.fasta.tree
  Results:       aligned-dna-sequences_withTaxonomy.fasta.out

Selection options:
  # dna schemes:      11
  # dna models:       88
  include model parameters:
    Uniform:         true
    p-inv (+I):      true
    gamma (+G):      true
    both (+I+G):     true
    free rates (+R): false
    fixed freqs:     true
    estimated freqs: true
    #categories:     4
  gamma rates mode:   mean
  asc bias:           none
  epsilon (opt):      0.01
  epsilon (par):      0.05
  keep branches:      false

Additional options:
  verbosity:        very low
  threads:          1/8
  RNG seed:         12345
  subtree repeats:  enabled
--------------------------------------------------------------------------------

BIC       model              K            lnL          score          delta    weight
--------------------------------------------------------------------------------
       1  TVM+G4             8   -172821.2012    383212.8826         0.0000    0.9820
       2  GTR+G4             9   -172821.4434    383220.8856         8.0030    0.0180
       3  TVM+I+G4           9   -172830.7444    383239.4878        26.6052    0.0000
       4  GTR+I+G4          10   -172826.9874    383239.4923        26.6097    0.0000
       5  TPM3uf+G4          6   -172909.3703    383374.1836       161.3010    0.0000
       6  TIM3+G4            7   -172911.2312    383385.4240       172.5414    0.0000
       7  TPM3uf+I+G4        7   -172919.9883    383402.9383       190.0557    0.0000
       8  TVMef+G4           5   -172927.6224    383403.1693       190.2867    0.0000
       9  TIM3+I+G4          8   -172926.5050    383423.4902       210.6076    0.0000
      10  SYM+I+G4           7   -172932.9779    383428.9174       216.0348    0.0000
--------------------------------------------------------------------------------
Best model according to BIC
---------------------------
Model:              TVM+G4
lnL:                -172821.2012
Frequencies:        0.2522 0.2299 0.2363 0.2817
Subst. Rates:       0.6640 2.9261 1.4292 0.6704 2.9261 1.0000 
Inv. sites prop:    -
Gamma shape:        0.7067
Score:              383212.8826
Weight:             0.9820
---------------------------
Parameter importances
---------------------------
P.Inv:              -
Gamma:              1.0000
Gamma-Inv:          0.0000
Frequencies:        1.0000
---------------------------
Model averaged estimates
---------------------------
P.Inv:              -
Alpha:              0.7066
Alpha-P.Inv:        0.7189
P.Inv-Alpha:        0.0217
Frequencies:        0.2522 0.2298 0.2363 0.2816 

Commands:
  > phyml  -i aligned-dna-sequences_withTaxonomy.fasta -m 012314 -f m -v 0 -a e -c 4 -o tlr
  > raxmlHPC-SSE3 -s aligned-dna-sequences_withTaxonomy.fasta -m GTRGAMMAX -n EXEC_NAME -p PARSIMONY_SEED
  > raxml-ng --msa aligned-dna-sequences_withTaxonomy.fasta --model TVM+G4
  > paup -s aligned-dna-sequences_withTaxonomy.fasta
  > iqtree -s aligned-dna-sequences_withTaxonomy.fasta -m TVM+G4

AIC       model              K            lnL          score          delta    weight
--------------------------------------------------------------------------------
       1  TVM+G4             8   -172821.2012    355636.4023         0.0000    0.7757
       2  GTR+G4             9   -172821.4434    355638.8867         2.4844    0.2240
       3  GTR+I+G4          10   -172826.9874    355651.9748        15.5724    0.0003
       4  TVM+I+G4           9   -172830.7444    355657.4889        21.0865    0.0000
       5  TPM3uf+G4          6   -172909.3703    355808.7405       172.3382    0.0000
       6  TIM3+G4            7   -172911.2312    355814.4624       178.0600    0.0000
       7  TPM3uf+I+G4        7   -172919.9883    355831.9766       195.5743    0.0000
       8  TVMef+G4           5   -172927.6224    355843.2448       206.8425    0.0000
       9  TIM3+I+G4          8   -172926.5050    355847.0099       210.6076    0.0000
      10  SYM+I+G4           7   -172932.9779    355857.9557       221.5534    0.0000
--------------------------------------------------------------------------------
Best model according to AIC
---------------------------
Model:              TVM+G4
lnL:                -172821.2012
Frequencies:        0.2522 0.2299 0.2363 0.2817
Subst. Rates:       0.6640 2.9261 1.4292 0.6704 2.9261 1.0000 
Inv. sites prop:    -
Gamma shape:        0.7067
Score:              355636.4023
Weight:             0.7757
---------------------------
Parameter importances
---------------------------
P.Inv:              -
Gamma:              0.9997
Gamma-Inv:          0.0003
Frequencies:        1.0000
---------------------------
Model averaged estimates
---------------------------
P.Inv:              -
Alpha:              0.7057
Alpha-P.Inv:        0.7180
P.Inv-Alpha:        0.0213
Frequencies:        0.2525 0.2294 0.2367 0.2814 

Commands:
  > phyml  -i aligned-dna-sequences_withTaxonomy.fasta -m 012314 -f m -v 0 -a e -c 4 -o tlr
  > raxmlHPC-SSE3 -s aligned-dna-sequences_withTaxonomy.fasta -m GTRGAMMAX -n EXEC_NAME -p PARSIMONY_SEED
  > raxml-ng --msa aligned-dna-sequences_withTaxonomy.fasta --model TVM+G4
  > paup -s aligned-dna-sequences_withTaxonomy.fasta
  > iqtree -s aligned-dna-sequences_withTaxonomy.fasta -m TVM+G4

AICc      model              K            lnL          score          delta    weight
--------------------------------------------------------------------------------
       1  JC+G4              1   -177633.9541  50175427.9081         0.0000    1.0000
       2  K80+G4             2   -173684.7219  50187495.4437     12067.5356    0.0000
       3  JC                 0   -196088.9976  50192375.9951     16948.0870    0.0000
       4  JC+I+G4            2   -177653.5381  50195433.0763     20005.1682    0.0000
       5  K80                1   -192543.3033  50205246.6066     29818.6985    0.0000
       6  TPM3+G4            3   -173054.9832  50206205.9665     30778.0584    0.0000
       7  TPM2+G4            3   -173594.7590  50207285.5180     31857.6099    0.0000
       8  TPM1+G4            3   -173640.0719  50207376.1439     31948.2357    0.0000
       9  TrNef+G4           3   -173684.6500  50207465.3000     32037.3919    0.0000
      10  K80+I+G4           3   -173706.1949  50207508.3897     32080.4816    0.0000
--------------------------------------------------------------------------------
Best model according to AICc
---------------------------
Model:              JC+G4
lnL:                -177633.9541
Frequencies:        0.2500 0.2500 0.2500 0.2500
Subst. Rates:       1.0000 1.0000 1.0000 1.0000 1.0000 1.0000 
Inv. sites prop:    -
Gamma shape:        0.7569
Score:              50175427.9081
Weight:             1.0000
---------------------------
Parameter importances
---------------------------
P.Inv:              -
Gamma:              1.0000
Gamma-Inv:          -
Frequencies:        -
---------------------------
Model averaged estimates
---------------------------
P.Inv:              -
Alpha:              0.7569
Alpha-P.Inv:        -
P.Inv-Alpha:        -
Frequencies:        -

Commands:
  > phyml  -i aligned-dna-sequences_withTaxonomy.fasta -m 000000 -f 0.25,0.25,0.25,0.25 -v 0 -a e -c 4 -o tlr
  > raxmlHPC-SSE3 -s aligned-dna-sequences_withTaxonomy.fasta -m GTRGAMMA --JC69 -n EXEC_NAME -p PARSIMONY_SEED
  > raxml-ng --msa aligned-dna-sequences_withTaxonomy.fasta --model JC+G4
  > paup -s aligned-dna-sequences_withTaxonomy.fasta
  > iqtree -s aligned-dna-sequences_withTaxonomy.fasta -m JC+G4
Done
